<?xml version="1.0" encoding="UTF-8"?>
<!-- Generated by org.testng.reporters.JUnitXMLReporter -->
<testsuite ignored="0" hostname="CFS-LP-0010" failures="0" tests="5" name="Test" time="0.206" errors="0" timestamp="2024-08-09T12:45:12 IST">
  <testcase classname="com.CallReview.Base.BaseClass" name="@BeforeMethod LoadConfig" time="0.008">
    <failure type="java.io.FileNotFoundException" message="D:\Call Review\Call_Review\Configuration\Config.properties (The system cannot find the path specified)">
      <![CDATA[java.io.FileNotFoundException: D:\Call Review\Call_Review\Configuration\Config.properties (The system cannot find the path specified)
at java.base/java.io.FileInputStream.open0(Native Method)
at java.base/java.io.FileInputStream.open(FileInputStream.java:211)
at java.base/java.io.FileInputStream.<init>(FileInputStream.java:153)
at java.base/java.io.FileInputStream.<init>(FileInputStream.java:108)
at com.CallReview.Base.BaseClass.LoadConfig(BaseClass.java:28)
at java.base/java.util.ArrayList.forEach(ArrayList.java:1511)
... Removed 31 stack frames]]>
    </failure>
  </testcase> <!-- @BeforeMethod LoadConfig -->
  <testcase classname="com.CallReview.Base.BaseClass" name="@BeforeMethod LoadConfig" time="0.002">
    <failure type="java.io.FileNotFoundException" message="D:\Call Review\Call_Review\Configuration\Config.properties (The system cannot find the path specified)">
      <![CDATA[java.io.FileNotFoundException: D:\Call Review\Call_Review\Configuration\Config.properties (The system cannot find the path specified)
at java.base/java.io.FileInputStream.open0(Native Method)
at java.base/java.io.FileInputStream.open(FileInputStream.java:211)
at java.base/java.io.FileInputStream.<init>(FileInputStream.java:153)
at java.base/java.io.FileInputStream.<init>(FileInputStream.java:108)
at com.CallReview.Base.BaseClass.LoadConfig(BaseClass.java:28)
at java.base/java.util.ArrayList.forEach(ArrayList.java:1511)
... Removed 31 stack frames]]>
    </failure>
  </testcase> <!-- @BeforeMethod LoadConfig -->
  <testcase classname="com.CallReview.Base.BaseClass" name="@BeforeMethod LoadConfig" time="0.001">
    <failure type="java.io.FileNotFoundException" message="D:\Call Review\Call_Review\Configuration\Config.properties (The system cannot find the path specified)">
      <![CDATA[java.io.FileNotFoundException: D:\Call Review\Call_Review\Configuration\Config.properties (The system cannot find the path specified)
at java.base/java.io.FileInputStream.open0(Native Method)
at java.base/java.io.FileInputStream.open(FileInputStream.java:211)
at java.base/java.io.FileInputStream.<init>(FileInputStream.java:153)
at java.base/java.io.FileInputStream.<init>(FileInputStream.java:108)
at com.CallReview.Base.BaseClass.LoadConfig(BaseClass.java:28)
at java.base/java.util.ArrayList.forEach(ArrayList.java:1511)
... Removed 31 stack frames]]>
    </failure>
  </testcase> <!-- @BeforeMethod LoadConfig -->
  <testcase classname="com.CallReview.Base.BaseClass" name="@BeforeMethod LoadConfig" time="0.0">
    <failure type="java.io.FileNotFoundException" message="D:\Call Review\Call_Review\Configuration\Config.properties (The system cannot find the path specified)">
      <![CDATA[java.io.FileNotFoundException: D:\Call Review\Call_Review\Configuration\Config.properties (The system cannot find the path specified)
at java.base/java.io.FileInputStream.open0(Native Method)
at java.base/java.io.FileInputStream.open(FileInputStream.java:211)
at java.base/java.io.FileInputStream.<init>(FileInputStream.java:153)
at java.base/java.io.FileInputStream.<init>(FileInputStream.java:108)
at com.CallReview.Base.BaseClass.LoadConfig(BaseClass.java:28)
at java.base/java.util.ArrayList.forEach(ArrayList.java:1511)
... Removed 31 stack frames]]>
    </failure>
  </testcase> <!-- @BeforeMethod LoadConfig -->
  <testcase classname="com.CallReview.Base.BaseClass" name="@BeforeMethod LoadConfig" time="0.002">
    <failure type="java.io.FileNotFoundException" message="D:\Call Review\Call_Review\Configuration\Config.properties (The system cannot find the path specified)">
      <![CDATA[java.io.FileNotFoundException: D:\Call Review\Call_Review\Configuration\Config.properties (The system cannot find the path specified)
at java.base/java.io.FileInputStream.open0(Native Method)
at java.base/java.io.FileInputStream.open(FileInputStream.java:211)
at java.base/java.io.FileInputStream.<init>(FileInputStream.java:153)
at java.base/java.io.FileInputStream.<init>(FileInputStream.java:108)
at com.CallReview.Base.BaseClass.LoadConfig(BaseClass.java:28)
at java.base/java.util.ArrayList.forEach(ArrayList.java:1511)
... Removed 31 stack frames]]>
    </failure>
  </testcase> <!-- @BeforeMethod LoadConfig -->
  <testcase classname="CallReview.VerifyThatUserIsAbleToCreateTheCasesForTheOpportunity" name="EnrollementCaseIsCreatedForTheOpportunityWhenTheAgreementworkflowtypeisselectedAsSendToEnrollment" time="0.0">
    <skipped/>
  </testcase> <!-- EnrollementCaseIsCreatedForTheOpportunityWhenTheAgreementworkflowtypeisselectedAsSendToEnrollment -->
  <testcase classname="CallReview.VerifyThatUserIsAbleToCreateTheCasesForTheOpportunity" name="SupportCaseIsCreatedForTheOpportunityWhenTheAgreementWorkFlowTypeIsSelectedAsSendToSupport" time="0.0">
    <skipped/>
  </testcase> <!-- SupportCaseIsCreatedForTheOpportunityWhenTheAgreementWorkFlowTypeIsSelectedAsSendToSupport -->
  <testcase classname="CallReview.VerifyThatUserIsAbleToCreateTheCasesForTheOpportunity" name="SupportAndEnrollmentCreatedWhereWorkFlowTypeIsSendtoSupportandEnrollment" time="0.0">
    <skipped/>
  </testcase> <!-- SupportAndEnrollmentCreatedWhereWorkFlowTypeIsSendtoSupportandEnrollment -->
  <testcase classname="CallReview.VerifyThatUserIsAbleToCreateTheCasesForTheOpportunity" name="Addendum_Workflow" time="0.0">
    <skipped/>
  </testcase> <!-- Addendum_Workflow -->
  <testcase classname="CallReview.VerifyThatUserIsAbleToCreateTheCasesForTheOpportunity" name="DNICaseIsCreatedAgreementWorkFlowTypeIsSlectedAsDNIOnly" time="0.0">
    <skipped/>
  </testcase> <!-- DNICaseIsCreatedAgreementWorkFlowTypeIsSlectedAsDNIOnly -->
</testsuite> <!-- Test -->
