<?xml version="1.0" encoding="UTF-8"?>
<!-- Generated by org.testng.reporters.JUnitXMLReporter -->
<testsuite ignored="5" hostname="CFS-LP-0063" failures="0" tests="1" name="Default test" time="138.317" errors="0" timestamp="2024-07-03T17:06:46 IST">
  <testcase classname="CallReview.Service_Agreement_flow" name="NotAunthorizedToMaintainAgreements" time="129.505"/>
  <testcase classname="CallReview.Service_Agreement_flow" name="OpportunitymustbeClosedWon" time="0.0">
    <ignored/>
  </testcase> <!-- OpportunitymustbeClosedWon -->
  <testcase classname="CallReview.Service_Agreement_flow" name="YouCannotProcessNewOpportunitywithCurrentServiceAgreement" time="0.0">
    <ignored/>
  </testcase> <!-- YouCannotProcessNewOpportunitywithCurrentServiceAgreement -->
  <testcase classname="CallReview.Service_Agreement_flow" name="NotificationOnOpportunityisProceeded" time="0.0">
    <ignored/>
  </testcase> <!-- NotificationOnOpportunityisProceeded -->
  <testcase classname="CallReview.Service_Agreement_flow" name="MustHaveBillToAccountToProcessTheOpportunity" time="0.0">
    <ignored/>
  </testcase> <!-- MustHaveBillToAccountToProcessTheOpportunity -->
  <testcase classname="CallReview.Service_Agreement_flow" name="missingInformation" time="0.0">
    <ignored/>
  </testcase> <!-- missingInformation -->
</testsuite> <!-- Default test -->
